<?xml version="1.0" encoding="UTF-8"?>
<testng-results ignored="0" total="1" passed="1" failed="0" skipped="0">
  <reporter-output>
  </reporter-output>
  <suite started-at="2023-12-05T23:27:42 EET" name="Surefire suite" finished-at="2023-12-05T23:27:55 EET" duration-ms="12464">
    <groups>
    </groups>
    <test started-at="2023-12-05T23:27:42 EET" name="Surefire test" finished-at="2023-12-05T23:27:55 EET" duration-ms="12464">
      <class name="tests.newUserSignUpTest">
        <test-method is-config="true" signature="beforeClass()[pri:0, instance:tests.newUserSignUpTest@4313f5bc]" started-at="2023-12-05T23:27:42 EET" name="beforeClass" finished-at="2023-12-05T23:27:42 EET" duration-ms="39" status="PASS">
          <reporter-output>
          </reporter-output>
        </test-method> <!-- beforeClass -->
        <test-method is-config="true" signature="beforeMethod()[pri:0, instance:tests.newUserSignUpTest@4313f5bc]" started-at="2023-12-05T23:27:42 EET" name="beforeMethod" finished-at="2023-12-05T23:27:49 EET" duration-ms="6869" status="PASS">
          <reporter-output>
          </reporter-output>
        </test-method> <!-- beforeMethod -->
        <test-method signature="userSignUp()[pri:0, instance:tests.newUserSignUpTest@4313f5bc]" started-at="2023-12-05T23:27:49 EET" name="userSignUp" finished-at="2023-12-05T23:27:54 EET" duration-ms="4435" status="PASS">
          <reporter-output>
          </reporter-output>
        </test-method> <!-- userSignUp -->
        <test-method is-config="true" signature="afterMethod()[pri:0, instance:tests.newUserSignUpTest@4313f5bc]" started-at="2023-12-05T23:27:54 EET" name="afterMethod" finished-at="2023-12-05T23:27:55 EET" duration-ms="1085" status="PASS">
          <reporter-output>
          </reporter-output>
        </test-method> <!-- afterMethod -->
        <test-method is-config="true" signature="closeDriver()[pri:0, instance:tests.newUserSignUpTest@4313f5bc]" started-at="2023-12-05T23:27:55 EET" name="closeDriver" finished-at="2023-12-05T23:27:55 EET" duration-ms="0" status="PASS">
          <reporter-output>
          </reporter-output>
        </test-method> <!-- closeDriver -->
      </class> <!-- tests.newUserSignUpTest -->
    </test> <!-- Surefire test -->
  </suite> <!-- Surefire suite -->
</testng-results>
